\BOOKMARK [-1][]{ctitle.-1}{\376\377\000H\000A\000A\000R\000:\127\372\116\216\117\030\122\277\121\375\145\160\217\205\122\251\131\126\122\261\166\204\122\006\134\102\137\072\123\026\133\146\116\140\173\227\154\325}{}% 1
\BOOKMARK [0][]{thuchapter.1.0}{\376\377\116\055\145\207\144\130\211\201}{ctitle.-1}% 2
\BOOKMARK [0][]{thuchapter.2.0}{\376\377\000A\000B\000S\000T\000R\000A\000C\000T}{ctitle.-1}% 3
\BOOKMARK [0][]{thuchapter.3.0}{\376\377\166\356\000\040\137\125}{ctitle.-1}% 4
\BOOKMARK [0][]{thuchapter.4.0}{\376\377\116\073\211\201\173\046\123\367\133\371\161\147\210\150}{ctitle.-1}% 5
\BOOKMARK [0][]{chapter.1}{\376\377\173\054\0001\172\340\000\040\000\040\116\313\176\315}{ctitle.-1}% 6
\BOOKMARK [1][-]{section.1.1}{\376\377\0001\000.\0001\000\040\137\072\123\026\133\146\116\140\230\204\131\007\167\345\213\306}{chapter.1}% 7
\BOOKMARK [2][-]{subsection.1.1.1}{\376\377\0001\000.\0001\000.\0001\000\040\225\356\230\230\143\317\217\360}{section.1.1}% 8
\BOOKMARK [2][-]{subsection.1.1.2}{\376\377\0001\000.\0001\000.\0002\000\040\137\072\123\026\133\146\116\140\121\170\127\213\173\227\154\325\176\374\217\360}{section.1.1}% 9
\BOOKMARK [2][-]{subsection.1.1.3}{\376\377\0001\000.\0001\000.\0003\000\040\145\340\152\041\127\213\166\204\155\361\136\246\137\072\123\026\133\146\116\140}{section.1.1}% 10
\BOOKMARK [2][-]{subsection.1.1.4}{\376\377\0001\000.\0001\000.\0004\000\040\127\372\116\216\152\041\127\213\166\204\137\072\123\026\133\146\116\140}{section.1.1}% 11
\BOOKMARK [1][-]{section.1.2}{\376\377\0001\000.\0002\000\040\122\006\134\102\137\072\123\026\133\146\116\140\225\356\230\230\147\204\136\372}{chapter.1}% 12
\BOOKMARK [1][-]{section.1.3}{\376\377\0001\000.\0003\000\040\122\006\134\102\137\072\123\026\133\146\116\140\170\024\172\166\163\260\162\266}{chapter.1}% 13
\BOOKMARK [2][-]{subsection.1.3.1}{\376\377\0001\000.\0003\000.\0001\000\040\136\070\211\301\173\227\154\325\140\035\215\357\133\371\153\324}{section.1.3}% 14
\BOOKMARK [3][-]{subsubsection.1.3.1.1}{\376\377\0001\000.\0003\000.\0001\000.\0001\000\040\133\120\166\356\150\007\213\276\213\241}{subsection.1.3.1}% 15
\BOOKMARK [3][-]{subsubsection.1.3.1.2}{\376\377\0001\000.\0003\000.\0001\000.\0002\000\040\116\013\134\102\230\204\213\255\176\303}{subsection.1.3.1}% 16
\BOOKMARK [2][-]{subsection.1.3.2}{\376\377\0001\000.\0003\000.\0002\000\040\232\154\134\024\123\357\131\053\217\307\172\013\166\204\123\357\211\302\155\113\140\047}{section.1.3}% 17
\BOOKMARK [2][-]{subsection.1.3.3}{\376\377\0001\000.\0003\000.\0003\000\040\211\302\133\337\172\172\225\364\166\204\122\006\171\273}{section.1.3}% 18
\BOOKMARK [2][-]{subsection.1.3.4}{\376\377\0001\000.\0003\000.\0004\000\040\116\016\000H\000A\000A\000R\166\370\121\163\166\204\135\345\117\134}{section.1.3}% 19
\BOOKMARK [1][-]{section.1.4}{\376\377\0001\000.\0004\000\040\213\272\145\207\176\323\147\204}{chapter.1}% 20
\BOOKMARK [0][]{chapter.2}{\376\377\173\054\0002\172\340\000\040\000\040\217\205\122\251\131\126\122\261\137\072\123\026\133\146\116\140\173\227\154\325}{ctitle.-1}% 21
\BOOKMARK [1][-]{section.2.1}{\376\377\0002\000.\0001\000\040\147\054\172\340\173\200\116\313}{chapter.2}% 22
\BOOKMARK [1][-]{section.2.2}{\376\377\0002\000.\0002\000\040\136\225\134\102\173\126\165\145\230\204\213\255\176\303}{chapter.2}% 23
\BOOKMARK [1][-]{section.2.3}{\376\377\0002\000.\0003\000\040\217\205\122\251\131\126\122\261\121\375\145\160\133\232\116\111}{chapter.2}% 24
\BOOKMARK [2][-]{subsection.2.3.1}{\376\377\0002\000.\0003\000.\0001\000\040\133\232\116\111\145\271\154\325\116\000\377\032\127\372\116\216\117\030\122\277\121\375\145\160}{section.2.3}% 25
\BOOKMARK [2][-]{subsection.2.3.2}{\376\377\0002\000.\0003\000.\0002\000\040\133\232\116\111\145\271\154\325\116\214\377\032\127\372\116\216\220\037\136\246\145\271\124\021}{section.2.3}% 26
\BOOKMARK [1][-]{section.2.4}{\376\377\0002\000.\0004\000\040\173\227\154\325\176\306\202\202\145\071\217\333}{chapter.2}% 27
\BOOKMARK [1][-]{section.2.5}{\376\377\0002\000.\0005\000\040\000H\000A\000A\000R\173\227\154\325\155\101\172\013}{chapter.2}% 28
\BOOKMARK [1][-]{section.2.6}{\376\377\0002\000.\0006\000\040\123\125\214\003\220\022\130\236\140\047\176\323\213\272}{chapter.2}% 29
\BOOKMARK [2][-]{subsection.2.6.1}{\376\377\0002\000.\0006\000.\0001\000\040\145\164\117\123\173\126\165\145\166\204\136\246\221\317\145\271\154\325}{section.2.6}% 30
\BOOKMARK [2][-]{subsection.2.6.2}{\376\377\0002\000.\0006\000.\0002\000\040\116\012\134\102\173\126\165\145\123\125\214\003\220\022\130\236\140\047}{section.2.6}% 31
\BOOKMARK [2][-]{subsection.2.6.3}{\376\377\0002\000.\0006\000.\0003\000\040\116\013\153\041\173\126\165\145\123\125\214\003\220\022\130\236\140\047}{section.2.6}% 32
\BOOKMARK [2][-]{subsection.2.6.4}{\376\377\0002\000.\0006\000.\0004\000\040\213\301\146\016\116\214}{section.2.6}% 33
\BOOKMARK [2][-]{subsection.2.6.5}{\376\377\0002\000.\0006\000.\0005\000\040\116\012\116\013\134\102\173\126\165\145\200\124\124\010\117\030\123\026\145\271\154\325}{section.2.6}% 34
\BOOKMARK [2][-]{subsection.2.6.6}{\376\377\0002\000.\0006\000.\0006\000\040\217\205\122\251\176\323\213\272\166\204\213\301\146\016}{section.2.6}% 35
\BOOKMARK [0][]{chapter.3}{\376\377\173\054\0003\172\340\000\040\000\040\127\372\121\306\163\257\130\203\133\236\232\214}{ctitle.-1}% 36
\BOOKMARK [1][-]{section.3.1}{\376\377\0003\000.\0001\000\040\127\372\121\306\163\257\130\203\116\313\176\315}{chapter.3}% 37
\BOOKMARK [1][-]{section.3.2}{\376\377\0003\000.\0002\000\040\133\236\232\214\163\257\130\203\144\055\136\372}{chapter.3}% 38
\BOOKMARK [1][-]{section.3.3}{\376\377\0003\000.\0003\000\040\133\236\232\214\176\323\147\234\123\312\133\371\153\324\122\006\147\220}{chapter.3}% 39
\BOOKMARK [1][-]{section.3.4}{\376\377\0003\000.\0004\000\040\152\041\127\213\173\200\123\026\155\113\213\325\040\024\040\024\143\247\122\066\123\330\221\317}{chapter.3}% 40
\BOOKMARK [1][-]{section.3.5}{\376\377\0003\000.\0005\000\040\133\236\232\214\226\104\137\125\377\032\123\302\145\160\124\214\176\306\202\202}{chapter.3}% 41
\BOOKMARK [0][]{chapter.4}{\376\377\173\054\0004\172\340\000\040\000\040\201\352\122\250\232\176\232\166\163\257\130\203\173\227\154\325\217\301\171\373}{ctitle.-1}% 42
\BOOKMARK [1][-]{section.4.1}{\376\377\0004\000.\0001\000\040\201\352\122\250\232\176\232\166\133\236\232\214\163\257\130\203\147\266\147\204}{chapter.4}% 43
\BOOKMARK [1][-]{section.4.2}{\376\377\0004\000.\0002\000\040\133\236\232\214\123\302\145\160}{chapter.4}% 44
\BOOKMARK [1][-]{section.4.3}{\376\377\0004\000.\0003\000\040\133\236\232\214\176\323\147\234\123\312\122\006\147\220}{chapter.4}% 45
\BOOKMARK [1][-]{section.4.4}{\376\377\0004\000.\0004\000\040\201\352\122\250\232\176\232\166\133\236\232\214\140\073\176\323}{chapter.4}% 46
\BOOKMARK [0][]{chapter.5}{\376\377\173\054\0005\172\340\000\040\000\040\140\073\176\323\123\312\176\323\213\272}{ctitle.-1}% 47
\BOOKMARK [1][-]{section.5.1}{\376\377\0005\000.\0001\000\040\164\006\213\272\142\020\147\234\140\073\176\323}{chapter.5}% 48
\BOOKMARK [1][-]{section.5.2}{\376\377\0005\000.\0002\000\040\135\345\117\134\121\205\133\271\140\073\176\323}{chapter.5}% 49
\BOOKMARK [0][]{section*.14}{\376\377\143\322\126\376\175\042\137\025}{ctitle.-1}% 50
\BOOKMARK [0][]{section*.16}{\376\377\210\150\150\074\175\042\137\025}{ctitle.-1}% 51
\BOOKMARK [0][]{section*.18}{\376\377\121\154\137\017\175\042\137\025}{ctitle.-1}% 52
\BOOKMARK [0][]{section*.20}{\376\377\123\302\200\003\145\207\163\056}{ctitle.-1}% 53
\BOOKMARK [0][]{section*.22}{\376\377\201\364\000\040\214\042}{ctitle.-1}% 54
\BOOKMARK [0][]{section*.24}{\376\377\130\360\000\040\146\016}{ctitle.-1}% 55
