This is XeTeX, Version 3.14159265-2.6-0.99996 (TeX Live 2016) (preloaded format=xelatex 2016.11.19)  25 DEC 2018 15:36
entering extended mode
 restricted \write18 enabled.
 file:line:error style messages enabled.
 %&-line parsing enabled.
**resume.tex
(./resume.tex
LaTeX2e <2016/03/31>
Babel <3.9r> and hyphenation patterns for 83 language(s) loaded.

./resume.tex:1: LaTeX Error: Environment resume undefined.

See the LaTeX manual or LaTeX Companion for explanation.
Type  H <return>  for immediate help.
 ...                                              
                                                  
l.1 \begin{resume}
                  
Your command was ignored.
Type  I <command> <return>  to replace it with another command,
or  <return>  to continue without it.

./resume.tex:3: Undefined control sequence.
l.3   \resumeitem
                 {‰∏™‰∫∫ÁÆÄÂéÜ}
The control sequence at the end of the top line
of your error message was never \def'ed. If you have
misspelled it (e.g., `\hobx'), type `I' and the correct
spelling (e.g., `I\hbox'). Otherwise just continue,
and I'll forget about whatever was undefined.


./resume.tex:3: LaTeX Error: Missing \begin{document}.

See the LaTeX manual or LaTeX Companion for explanation.
Type  H <return>  for immediate help.
 ...                                              
                                                  
l.3   \resumeitem{‰∏™
                     ‰∫∫ÁÆÄÂéÜ}
You're in trouble here.  Try typing  <return>  to proceed.
If that doesn't work, type  X <return>  to quit.

Missing character: There is no ‰∏™ in font nullfont!
Missing character: There is no ‰∫∫ in font nullfont!
Missing character: There is no ÁÆÄ in font nullfont!
Missing character: There is no ÂéÜ in font nullfont!

Overfull \hbox (20.0pt too wide) in paragraph at lines 3--4
[] 
 []


./resume.tex:5: LaTeX Error: Missing \begin{document}.

See the LaTeX manual or LaTeX Companion for explanation.
Type  H <return>  for immediate help.
 ...                                              
                                                  
l.5   x
       xxx Âπ¥ xx Êúà xx Êó•Âá∫Áîü‰∫é xx ÁúÅ xx Âéø„ÄÇ
You're in trouble here.  Try typing  <return>  to proceed.
If that doesn't work, type  X <return>  to quit.

Missing character: There is no x in font nullfont!
Missing character: There is no x in font nullfont!
Missing character: There is no x in font nullfont!
Missing character: There is no x in font nullfont!
Missing character: There is no Âπ¥ in font nullfont!
Missing character: There is no x in font nullfont!
Missing character: There is no x in font nullfont!
Missing character: There is no Êúà in font nullfont!
Missing character: There is no x in font nullfont!
Missing character: There is no x in font nullfont!
Missing character: There is no Êó• in font nullfont!
Missing character: There is no Âá∫ in font nullfont!
Missing character: There is no Áîü in font nullfont!
Missing character: There is no ‰∫é in font nullfont!
Missing character: There is no x in font nullfont!
Missing character: There is no x in font nullfont!
Missing character: There is no ÁúÅ in font nullfont!
Missing character: There is no x in font nullfont!
Missing character: There is no x in font nullfont!
Missing character: There is no Âéø in font nullfont!
Missing character: There is no „ÄÇ in font nullfont!

Overfull \hbox (20.0pt too wide) in paragraph at lines 5--6
[]
 []


./resume.tex:7: LaTeX Error: Missing \begin{document}.

See the LaTeX manual or LaTeX Companion for explanation.
Type  H <return>  for immediate help.
 ...                                              
                                                  
l.7   x
       xxx Âπ¥ 9 ÊúàËÄÉÂÖ• xx Â§ßÂ≠¶ xx Á≥ª xx ‰∏ì‰∏öÔºåxxxx Âπ¥ 7 ÊúàÊú¨Áßë...
You're in trouble here.  Try typing  <return>  to proceed.
If that doesn't work, type  X <return>  to quit.

Missing character: There is no x in font nullfont!
Missing character: There is no x in font nullfont!
Missing character: There is no x in font nullfont!
Missing character: There is no x in font nullfont!
Missing character: There is no Âπ¥ in font nullfont!
Missing character: There is no 9 in font nullfont!
Missing character: There is no Êúà in font nullfont!
Missing character: There is no ËÄÉ in font nullfont!
Missing character: There is no ÂÖ• in font nullfont!
Missing character: There is no x in font nullfont!
Missing character: There is no x in font nullfont!
Missing character: There is no Â§ß in font nullfont!
Missing character: There is no Â≠¶ in font nullfont!
Missing character: There is no x in font nullfont!
Missing character: There is no x in font nullfont!
Missing character: There is no Á≥ª in font nullfont!
Missing character: There is no x in font nullfont!
Missing character: There is no x in font nullfont!
Missing character: There is no ‰∏ì in font nullfont!
Missing character: There is no ‰∏ö in font nullfont!
Missing character: There is no Ôºå in font nullfont!
Missing character: There is no x in font nullfont!
Missing character: There is no x in font nullfont!
Missing character: There is no x in font nullfont!
Missing character: There is no x in font nullfont!
Missing character: There is no Âπ¥ in font nullfont!
Missing character: There is no 7 in font nullfont!
Missing character: There is no Êúà in font nullfont!
Missing character: There is no Êú¨ in font nullfont!
Missing character: There is no Áßë in font nullfont!
Missing character: There is no ÊØï in font nullfont!
Missing character: There is no ‰∏ö in font nullfont!
Missing character: There is no Âπ∂ in font nullfont!
Missing character: There is no Ëé∑ in font nullfont!
Missing character: There is no Âæó in font nullfont!
Missing character: There is no x in font nullfont!
Missing character: There is no x in font nullfont!
Missing character: There is no Â≠¶ in font nullfont!
Missing character: There is no Â£´ in font nullfont!
Missing character: There is no Â≠¶ in font nullfont!
Missing character: There is no ‰Ωç in font nullfont!
Missing character: There is no „ÄÇ in font nullfont!

Overfull \hbox (20.0pt too wide) in paragraph at lines 7--8
[]
 []


./resume.tex:9: LaTeX Error: Missing \begin{document}.

See the LaTeX manual or LaTeX Companion for explanation.
Type  H <return>  for immediate help.
 ...                                              
                                                  
l.9   x
       xxx Âπ¥ 9 ÊúàÂÖçËØïËøõÂÖ• xx Â§ßÂ≠¶ xx Á≥ªÊîªËØª xx Â≠¶‰ΩçËá≥‰ªä„ÄÇ
You're in trouble here.  Try typing  <return>  to proceed.
If that doesn't work, type  X <return>  to quit.

Missing character: There is no x in font nullfont!
Missing character: There is no x in font nullfont!
Missing character: There is no x in font nullfont!
Missing character: There is no x in font nullfont!
Missing character: There is no Âπ¥ in font nullfont!
Missing character: There is no 9 in font nullfont!
Missing character: There is no Êúà in font nullfont!
Missing character: There is no ÂÖç in font nullfont!
Missing character: There is no ËØï in font nullfont!
Missing character: There is no Ëøõ in font nullfont!
Missing character: There is no ÂÖ• in font nullfont!
Missing character: There is no x in font nullfont!
Missing character: There is no x in font nullfont!
Missing character: There is no Â§ß in font nullfont!
Missing character: There is no Â≠¶ in font nullfont!
Missing character: There is no x in font nullfont!
Missing character: There is no x in font nullfont!
Missing character: There is no Á≥ª in font nullfont!
Missing character: There is no Êîª in font nullfont!
Missing character: There is no ËØª in font nullfont!
Missing character: There is no x in font nullfont!
Missing character: There is no x in font nullfont!
Missing character: There is no Â≠¶ in font nullfont!
Missing character: There is no ‰Ωç in font nullfont!
Missing character: There is no Ëá≥ in font nullfont!
Missing character: There is no ‰ªä in font nullfont!
Missing character: There is no „ÄÇ in font nullfont!

Overfull \hbox (20.0pt too wide) in paragraph at lines 9--10
[]
 []

./resume.tex:11: Undefined control sequence.
l.11   \researchitem
                    {ÂèëË°®ÁöÑÂ≠¶ÊúØËÆ∫Êñá} % ÂèëË°®ÁöÑÂíåÂΩïÁî®ÁöÑÂêàÂú®‰∏ÄËµ∑
The control sequence at the end of the top line
of your error message was never \def'ed. If you have
misspelled it (e.g., `\hobx'), type `I' and the correct
spelling (e.g., `I\hbox'). Otherwise just continue,
and I'll forget about whatever was undefined.


./resume.tex:11: LaTeX Error: Missing \begin{document}.

See the LaTeX manual or LaTeX Companion for explanation.
Type  H <return>  for immediate help.
 ...                                              
                                                  
l.11   \researchitem{Âèë
                        Ë°®ÁöÑÂ≠¶ÊúØËÆ∫Êñá} % ÂèëË°®ÁöÑÂíåÂΩïÁî®ÁöÑÂêàÂú®‰∏ÄËµ∑
You're in trouble here.  Try typing  <return>  to proceed.
If that doesn't work, type  X <return>  to quit.

Missing character: There is no Âèë in font nullfont!
Missing character: There is no Ë°® in font nullfont!
Missing character: There is no ÁöÑ in font nullfont!
Missing character: There is no Â≠¶ in font nullfont!
Missing character: There is no ÊúØ in font nullfont!
Missing character: There is no ËÆ∫ in font nullfont!
Missing character: There is no Êñá in font nullfont!

Overfull \hbox (20.0pt too wide) in paragraph at lines 11--12
[] 
 []


./resume.tex:14: LaTeX Error: Environment publications undefined.

See the LaTeX manual or LaTeX Companion for explanation.
Type  H <return>  for immediate help.
 ...                                              
                                                  
l.14   \begin{publications}
                           
Your command was ignored.
Type  I <command> <return>  to replace it with another command,
or  <return>  to continue without it.


./resume.tex:15: LaTeX Error: Lonely \item--perhaps a missing list environment.

See the LaTeX manual or LaTeX Companion for explanation.
Type  H <return>  for immediate help.
 ...                                              
                                                  
l.15     \item Y
                ang Y, Ren T L, Zhang L T, et al. Miniature microphone with ...
Try typing  <return>  to proceed.
If that doesn't work, type  X <return>  to quit.

Missing character: There is no Y in font nullfont!
Missing character: There is no a in font nullfont!
Missing character: There is no n in font nullfont!
Missing character: There is no g in font nullfont!
Missing character: There is no Y in font nullfont!
Missing character: There is no , in font nullfont!
Missing character: There is no R in font nullfont!
Missing character: There is no e in font nullfont!
Missing character: There is no n in font nullfont!
Missing character: There is no T in font nullfont!
Missing character: There is no L in font nullfont!
Missing character: There is no , in font nullfont!
Missing character: There is no Z in font nullfont!
Missing character: There is no h in font nullfont!
Missing character: There is no a in font nullfont!
Missing character: There is no n in font nullfont!
Missing character: There is no g in font nullfont!
Missing character: There is no L in font nullfont!
Missing character: There is no T in font nullfont!
Missing character: There is no , in font nullfont!
Missing character: There is no e in font nullfont!
Missing character: There is no t in font nullfont!
Missing character: There is no a in font nullfont!
Missing character: There is no l in font nullfont!
Missing character: There is no . in font nullfont!
Missing character: There is no M in font nullfont!
Missing character: There is no i in font nullfont!
Missing character: There is no n in font nullfont!
Missing character: There is no i in font nullfont!
Missing character: There is no a in font nullfont!
Missing character: There is no t in font nullfont!
Missing character: There is no u in font nullfont!
Missing character: There is no r in font nullfont!
Missing character: There is no e in font nullfont!
Missing character: There is no m in font nullfont!
Missing character: There is no i in font nullfont!
Missing character: There is no c in font nullfont!
Missing character: There is no r in font nullfont!
Missing character: There is no o in font nullfont!
Missing character: There is no p in font nullfont!
Missing character: There is no h in font nullfont!
Missing character: There is no o in font nullfont!
Missing character: There is no n in font nullfont!
Missing character: There is no e in font nullfont!
Missing character: There is no w in font nullfont!
Missing character: There is no i in font nullfont!
Missing character: There is no t in font nullfont!
Missing character: There is no h in font nullfont!
Missing character: There is no s in font nullfont!
Missing character: There is no i in font nullfont!
Missing character: There is no l in font nullfont!
Missing character: There is no i in font nullfont!
Missing character: There is no c in font nullfont!
Missing character: There is no o in font nullfont!
Missing character: There is no n in font nullfont!
Missing character: There is no - in font nullfont!
Missing character: There is no b in font nullfont!
Missing character: There is no a in font nullfont!
Missing character: There is no s in font nullfont!
Missing character: There is no e in font nullfont!
Missing character: There is no d in font nullfont!
Missing character: There is no f in font nullfont!
Missing character: There is no e in font nullfont!
Missing character: There is no r in font nullfont!
Missing character: There is no r in font nullfont!
Missing character: There is no o in font nullfont!
Missing character: There is no e in font nullfont!
Missing character: There is no l in font nullfont!
Missing character: There is no e in font nullfont!
Missing character: There is no c in font nullfont!
Missing character: There is no t in font nullfont!
Missing character: There is no r in font nullfont!
Missing character: There is no i in font nullfont!
Missing character: There is no c in font nullfont!
Missing character: There is no t in font nullfont!
Missing character: There is no h in font nullfont!
Missing character: There is no i in font nullfont!
Missing character: There is no n in font nullfont!
Missing character: There is no f in font nullfont!
Missing character: There is no i in font nullfont!
Missing character: There is no l in font nullfont!
Missing character: There is no m in font nullfont!
Missing character: There is no s in font nullfont!
Missing character: There is no . in font nullfont!
Missing character: There is no I in font nullfont!
Missing character: There is no n in font nullfont!
Missing character: There is no t in font nullfont!
Missing character: There is no e in font nullfont!
Missing character: There is no g in font nullfont!
Missing character: There is no r in font nullfont!
Missing character: There is no a in font nullfont!
Missing character: There is no t in font nullfont!
Missing character: There is no e in font nullfont!
Missing character: There is no d in font nullfont!
Missing character: There is no F in font nullfont!
Missing character: There is no e in font nullfont!
Missing character: There is no r in font nullfont!
Missing character: There is no r in font nullfont!
Missing character: There is no o in font nullfont!
Missing character: There is no e in font nullfont!
Missing character: There is no l in font nullfont!
Missing character: There is no e in font nullfont!
Missing character: There is no c in font nullfont!
Missing character: There is no t in font nullfont!
Missing character: There is no r in font nullfont!
Missing character: There is no i in font nullfont!
Missing character: There is no c in font nullfont!
Missing character: There is no s in font nullfont!
Missing character: There is no , in font nullfont!
Missing character: There is no 2 in font nullfont!
Missing character: There is no 0 in font nullfont!
Missing character: There is no 0 in font nullfont!
Missing character: There is no 3 in font nullfont!
Missing character: There is no , in font nullfont!
Missing character: There is no 5 in font nullfont!
Missing character: There is no 2 in font nullfont!
Missing character: There is no : in font nullfont!
Missing character: There is no 2 in font nullfont!
Missing character: There is no 2 in font nullfont!
Missing character: There is no 9 in font nullfont!
Missing character: There is no - in font nullfont!
Missing character: There is no 2 in font nullfont!
Missing character: There is no 3 in font nullfont!
Missing character: There is no 5 in font nullfont!
Missing character: There is no . in font nullfont!
Missing character: There is no ( in font nullfont!
Missing character: There is no S in font nullfont!
Missing character: There is no C in font nullfont!
Missing character: There is no I in font nullfont!
Missing character: There is no Êî∂ in font nullfont!
Missing character: There is no ÂΩï in font nullfont!
Missing character: There is no , in font nullfont!
Missing character: There is no Ê£Ä in font nullfont!
Missing character: There is no Á¥¢ in font nullfont!
Missing character: There is no Âè∑ in font nullfont!
Missing character: There is no : in font nullfont!
Missing character: There is no 7 in font nullfont!
Missing character: There is no 5 in font nullfont!
Missing character: There is no 8 in font nullfont!
Missing character: There is no F in font nullfont!
Missing character: There is no Z in font nullfont!
Missing character: There is no . in font nullfont!
Missing character: There is no ) in font nullfont!

./resume.tex:18: LaTeX Error: Lonely \item--perhaps a missing list environment.

See the LaTeX manual or LaTeX Companion for explanation.
Type  H <return>  for immediate help.
 ...                                              
                                                  
l.18     \item Êù®
                  ËΩ∂, Âº†ÂÆÅÊ¨£, ‰ªªÂ§©‰ª§, Á≠â. Á°ÖÂü∫ÈìÅÁîµÂæÆÂ£∞Â≠¶Âô®‰ª...
Try typing  <return>  to proceed.
If that doesn't work, type  X <return>  to quit.

Missing character: There is no Êù® in font nullfont!
Missing character: There is no ËΩ∂ in font nullfont!
Missing character: There is no , in font nullfont!
Missing character: There is no Âº† in font nullfont!
Missing character: There is no ÂÆÅ in font nullfont!
Missing character: There is no Ê¨£ in font nullfont!
Missing character: There is no , in font nullfont!
Missing character: There is no ‰ªª in font nullfont!
Missing character: There is no Â§© in font nullfont!
Missing character: There is no ‰ª§ in font nullfont!
Missing character: There is no , in font nullfont!
Missing character: There is no Á≠â in font nullfont!
Missing character: There is no . in font nullfont!
Missing character: There is no Á°Ö in font nullfont!
Missing character: There is no Âü∫ in font nullfont!
Missing character: There is no ÈìÅ in font nullfont!
Missing character: There is no Áîµ in font nullfont!
Missing character: There is no ÂæÆ in font nullfont!
Missing character: There is no Â£∞ in font nullfont!
Missing character: There is no Â≠¶ in font nullfont!
Missing character: There is no Âô® in font nullfont!
Missing character: There is no ‰ª∂ in font nullfont!
Missing character: There is no ‰∏≠ in font nullfont!
Missing character: There is no ËñÑ in font nullfont!
Missing character: There is no ËÜú in font nullfont!
Missing character: There is no ÊÆã in font nullfont!
Missing character: There is no ‰Ωô in font nullfont!
Missing character: There is no Â∫î in font nullfont!
Missing character: There is no Âäõ in font nullfont!
Missing character: There is no ÁöÑ in font nullfont!
Missing character: There is no Á†î in font nullfont!
Missing character: There is no Á©∂ in font nullfont!
Missing character: There is no . in font nullfont!
Missing character: There is no ‰∏≠ in font nullfont!
Missing character: There is no ÂõΩ in font nullfont!
Missing character: There is no Êú∫ in font nullfont!
Missing character: There is no Ê¢∞ in font nullfont!
Missing character: There is no Â∑• in font nullfont!
Missing character: There is no Á®ã in font nullfont!
Missing character: There is no , in font nullfont!
Missing character: There is no 2 in font nullfont!
Missing character: There is no 0 in font nullfont!
Missing character: There is no 0 in font nullfont!
Missing character: There is no 5 in font nullfont!
Missing character: There is no , in font nullfont!
Missing character: There is no 1 in font nullfont!
Missing character: There is no 6 in font nullfont!
Missing character: There is no ( in font nullfont!
Missing character: There is no 1 in font nullfont!
Missing character: There is no 4 in font nullfont!
Missing character: There is no ) in font nullfont!
Missing character: There is no : in font nullfont!
Missing character: There is no 1 in font nullfont!
Missing character: There is no 2 in font nullfont!
Missing character: There is no 8 in font nullfont!
Missing character: There is no 9 in font nullfont!
Missing character: There is no - in font nullfont!
Missing character: There is no 1 in font nullfont!
Missing character: There is no 2 in font nullfont!
Missing character: There is no 9 in font nullfont!
Missing character: There is no 1 in font nullfont!
Missing character: There is no . in font nullfont!
Missing character: There is no ( in font nullfont!
Missing character: There is no E in font nullfont!
Missing character: There is no I in font nullfont!
Missing character: There is no Êî∂ in font nullfont!
Missing character: There is no ÂΩï in font nullfont!
Missing character: There is no , in font nullfont!
Missing character: There is no Ê£Ä in font nullfont!
Missing character: There is no Á¥¢ in font nullfont!
Missing character: There is no Âè∑ in font nullfont!
Missing character: There is no : in font nullfont!
Missing character: There is no 0 in font nullfont!
Missing character: There is no 5 in font nullfont!
Missing character: There is no 3 in font nullfont!
Missing character: There is no 4 in font nullfont!
Missing character: There is no 9 in font nullfont!
Missing character: There is no 3 in font nullfont!
Missing character: There is no 1 in font nullfont!
Missing character: There is no 2 in font nullfont!
Missing character: There is no 9 in font nullfont!
Missing character: There is no 0 in font nullfont!
Missing character: There is no 7 in font nullfont!
Missing character: There is no . in font nullfont!
Missing character: There is no ) in font nullfont!

./resume.tex:20: LaTeX Error: Lonely \item--perhaps a missing list environment.

See the LaTeX manual or LaTeX Companion for explanation.
Type  H <return>  for immediate help.
 ...                                              
                                                  
l.20     \item Êù®
                  ËΩ∂, Âº†ÂÆÅÊ¨£, ‰ªªÂ§©‰ª§, Á≠â. ÈõÜÊàêÈìÅÁîµÂô®‰ª∂‰∏≠ÁöÑÂÖ...
Try typing  <return>  to proceed.
If that doesn't work, type  X <return>  to quit.

Missing character: There is no Êù® in font nullfont!
Missing character: There is no ËΩ∂ in font nullfont!
Missing character: There is no , in font nullfont!
Missing character: There is no Âº† in font nullfont!
Missing character: There is no ÂÆÅ in font nullfont!
Missing character: There is no Ê¨£ in font nullfont!
Missing character: There is no , in font nullfont!
Missing character: There is no ‰ªª in font nullfont!
Missing character: There is no Â§© in font nullfont!
Missing character: There is no ‰ª§ in font nullfont!
Missing character: There is no , in font nullfont!
Missing character: There is no Á≠â in font nullfont!
Missing character: There is no . in font nullfont!
Missing character: There is no ÈõÜ in font nullfont!
Missing character: There is no Êàê in font nullfont!
Missing character: There is no ÈìÅ in font nullfont!
Missing character: There is no Áîµ in font nullfont!
Missing character: There is no Âô® in font nullfont!
Missing character: There is no ‰ª∂ in font nullfont!
Missing character: There is no ‰∏≠ in font nullfont!
Missing character: There is no ÁöÑ in font nullfont!
Missing character: There is no ÂÖ≥ in font nullfont!
Missing character: There is no ÈîÆ in font nullfont!
Missing character: There is no Â∑• in font nullfont!
Missing character: There is no Ëâ∫ in font nullfont!
Missing character: There is no Á†î in font nullfont!
Missing character: There is no Á©∂ in font nullfont!
Missing character: There is no . in font nullfont!
Missing character: There is no ‰ª™ in font nullfont!
Missing character: There is no Âô® in font nullfont!
Missing character: There is no ‰ª™ in font nullfont!
Missing character: There is no Ë°® in font nullfont!
Missing character: There is no Â≠¶ in font nullfont!
Missing character: There is no Êä• in font nullfont!
Missing character: There is no , in font nullfont!
Missing character: There is no 2 in font nullfont!
Missing character: There is no 0 in font nullfont!
Missing character: There is no 0 in font nullfont!
Missing character: There is no 3 in font nullfont!
Missing character: There is no , in font nullfont!
Missing character: There is no 2 in font nullfont!
Missing character: There is no 4 in font nullfont!
Missing character: There is no ( in font nullfont!
Missing character: There is no S in font nullfont!
Missing character: There is no 4 in font nullfont!
Missing character: There is no ) in font nullfont!
Missing character: There is no : in font nullfont!
Missing character: There is no 1 in font nullfont!
Missing character: There is no 9 in font nullfont!
Missing character: There is no 2 in font nullfont!
Missing character: There is no - in font nullfont!
Missing character: There is no 1 in font nullfont!
Missing character: There is no 9 in font nullfont!
Missing character: There is no 3 in font nullfont!
Missing character: There is no . in font nullfont!
Missing character: There is no ( in font nullfont!
Missing character: There is no E in font nullfont!
Missing character: There is no I in font nullfont!
Missing character: There is no Ê∫ê in font nullfont!
Missing character: There is no Âàä in font nullfont!
Missing character: There is no . in font nullfont!
Missing character: There is no ) in font nullfont!

./resume.tex:22: LaTeX Error: \begin{document} ended by \end{publications}.

See the LaTeX manual or LaTeX Companion for explanation.
Type  H <return>  for immediate help.
 ...                                              
                                                  
l.22   \end{publications}
                         
Your command was ignored.
Type  I <command> <return>  to replace it with another command,
or  <return>  to continue without it.


./resume.tex:26: LaTeX Error: Environment publications undefined.

See the LaTeX manual or LaTeX Companion for explanation.
Type  H <return>  for immediate help.
 ...                                              
                                                  
l.26   \begin{publications}
                           [before=\publicationskip,after=\publicationskip]
Your command was ignored.
Type  I <command> <return>  to replace it with another command,
or  <return>  to continue without it.


./resume.tex:26: LaTeX Error: Missing \begin{document}.

See the LaTeX manual or LaTeX Companion for explanation.
Type  H <return>  for immediate help.
 ...                                              
                                                  
l.26   \begin{publications}[
                            before=\publicationskip,after=\publicationskip]
You're in trouble here.  Try typing  <return>  to proceed.
If that doesn't work, type  X <return>  to quit.

Missing character: There is no [ in font nullfont!
Missing character: There is no b in font nullfont!
Missing character: There is no e in font nullfont!
Missing character: There is no f in font nullfont!
Missing character: There is no o in font nullfont!
Missing character: There is no r in font nullfont!
Missing character: There is no e in font nullfont!
Missing character: There is no = in font nullfont!
./resume.tex:26: Undefined control sequence.
l.26 ...egin{publications}[before=\publicationskip
                                                  ,after=\publicationskip]
The control sequence at the end of the top line
of your error message was never \def'ed. If you have
misspelled it (e.g., `\hobx'), type `I' and the correct
spelling (e.g., `I\hbox'). Otherwise just continue,
and I'll forget about whatever was undefined.

Missing character: There is no , in font nullfont!
Missing character: There is no a in font nullfont!
Missing character: There is no f in font nullfont!
Missing character: There is no t in font nullfont!
Missing character: There is no e in font nullfont!
Missing character: There is no r in font nullfont!
Missing character: There is no = in font nullfont!
./resume.tex:26: Undefined control sequence.
l.26 ...re=\publicationskip,after=\publicationskip
                                                  ]
The control sequence at the end of the top line
of your error message was never \def'ed. If you have
misspelled it (e.g., `\hobx'), type `I' and the correct
spelling (e.g., `I\hbox'). Otherwise just continue,
and I'll forget about whatever was undefined.

Missing character: There is no ] in font nullfont!

Overfull \hbox (20.0pt too wide) in paragraph at lines 26--27
[] 
 []


./resume.tex:27: LaTeX Error: Lonely \item--perhaps a missing list environment.

See the LaTeX manual or LaTeX Companion for explanation.
Type  H <return>  for immediate help.
 ...                                              
                                                  
l.27     \item Y
                ang Y, Ren T L, Zhu Y P, et al. PMUTs for handwriting recogn...
Try typing  <return>  to proceed.
If that doesn't work, type  X <return>  to quit.

Missing character: There is no Y in font nullfont!
Missing character: There is no a in font nullfont!
Missing character: There is no n in font nullfont!
Missing character: There is no g in font nullfont!
Missing character: There is no Y in font nullfont!
Missing character: There is no , in font nullfont!
Missing character: There is no R in font nullfont!
Missing character: There is no e in font nullfont!
Missing character: There is no n in font nullfont!
Missing character: There is no T in font nullfont!
Missing character: There is no L in font nullfont!
Missing character: There is no , in font nullfont!
Missing character: There is no Z in font nullfont!
Missing character: There is no h in font nullfont!
Missing character: There is no u in font nullfont!
Missing character: There is no Y in font nullfont!
Missing character: There is no P in font nullfont!
Missing character: There is no , in font nullfont!
Missing character: There is no e in font nullfont!
Missing character: There is no t in font nullfont!
Missing character: There is no a in font nullfont!
Missing character: There is no l in font nullfont!
Missing character: There is no . in font nullfont!
Missing character: There is no P in font nullfont!
Missing character: There is no M in font nullfont!
Missing character: There is no U in font nullfont!
Missing character: There is no T in font nullfont!
Missing character: There is no s in font nullfont!
Missing character: There is no f in font nullfont!
Missing character: There is no o in font nullfont!
Missing character: There is no r in font nullfont!
Missing character: There is no h in font nullfont!
Missing character: There is no a in font nullfont!
Missing character: There is no n in font nullfont!
Missing character: There is no d in font nullfont!
Missing character: There is no w in font nullfont!
Missing character: There is no r in font nullfont!
Missing character: There is no i in font nullfont!
Missing character: There is no t in font nullfont!
Missing character: There is no i in font nullfont!
Missing character: There is no n in font nullfont!
Missing character: There is no g in font nullfont!
Missing character: There is no r in font nullfont!
Missing character: There is no e in font nullfont!
Missing character: There is no c in font nullfont!
Missing character: There is no o in font nullfont!
Missing character: There is no g in font nullfont!
Missing character: There is no n in font nullfont!
Missing character: There is no i in font nullfont!
Missing character: There is no t in font nullfont!
Missing character: There is no i in font nullfont!
Missing character: There is no o in font nullfont!
Missing character: There is no n in font nullfont!
Missing character: There is no . in font nullfont!
Missing character: There is no I in font nullfont!
Missing character: There is no n in font nullfont!
Missing character: There is no p in font nullfont!
Missing character: There is no r in font nullfont!
Missing character: There is no e in font nullfont!
Missing character: There is no s in font nullfont!
Missing character: There is no s in font nullfont!
Missing character: There is no . in font nullfont!
Missing character: There is no ( in font nullfont!
Missing character: There is no Â∑≤ in font nullfont!
Missing character: There is no Ë¢´ in font nullfont!
Missing character: There is no I in font nullfont!
Missing character: There is no n in font nullfont!
Missing character: There is no t in font nullfont!
Missing character: There is no e in font nullfont!
Missing character: There is no g in font nullfont!
Missing character: There is no r in font nullfont!
Missing character: There is no a in font nullfont!
Missing character: There is no t in font nullfont!
Missing character: There is no e in font nullfont!
Missing character: There is no d in font nullfont!
Missing character: There is no F in font nullfont!
Missing character: There is no e in font nullfont!
Missing character: There is no r in font nullfont!
Missing character: There is no r in font nullfont!
Missing character: There is no o in font nullfont!
Missing character: There is no e in font nullfont!
Missing character: There is no l in font nullfont!
Missing character: There is no e in font nullfont!
Missing character: There is no c in font nullfont!
Missing character: There is no t in font nullfont!
Missing character: There is no r in font nullfont!
Missing character: There is no i in font nullfont!
Missing character: There is no c in font nullfont!
Missing character: There is no s in font nullfont!
Missing character: There is no ÂΩï in font nullfont!
Missing character: There is no Áî® in font nullfont!
Missing character: There is no . in font nullfont!
Missing character: There is no S in font nullfont!
Missing character: There is no C in font nullfont!
Missing character: There is no I in font nullfont!
Missing character: There is no Ê∫ê in font nullfont!
Missing character: There is no Âàä in font nullfont!
Missing character: There is no . in font nullfont!
Missing character: There is no ) in font nullfont!

./resume.tex:29: LaTeX Error: \begin{document} ended by \end{publications}.

See the LaTeX manual or LaTeX Companion for explanation.
Type  H <return>  for immediate help.
 ...                                              
                                                  
l.29   \end{publications}
                         
Your command was ignored.
Type  I <command> <return>  to replace it with another command,
or  <return>  to continue without it.


./resume.tex:33: LaTeX Error: Environment publications undefined.

See the LaTeX manual or LaTeX Companion for explanation.
Type  H <return>  for immediate help.
 ...                                              
                                                  
l.33   \begin{publications}
                           
Your command was ignored.
Type  I <command> <return>  to replace it with another command,
or  <return>  to continue without it.


./resume.tex:34: LaTeX Error: Lonely \item--perhaps a missing list environment.

See the LaTeX manual or LaTeX Companion for explanation.
Type  H <return>  for immediate help.
 ...                                              
                                                  
l.34     \item W
                u X M, Yang Y, Cai J, et al. Measurements of ferroelectric MEMS
Try typing  <return>  to proceed.
If that doesn't work, type  X <return>  to quit.

Missing character: There is no W in font nullfont!
Missing character: There is no u in font nullfont!
Missing character: There is no X in font nullfont!
Missing character: There is no M in font nullfont!
Missing character: There is no , in font nullfont!
Missing character: There is no Y in font nullfont!
Missing character: There is no a in font nullfont!
Missing character: There is no n in font nullfont!
Missing character: There is no g in font nullfont!
Missing character: There is no Y in font nullfont!
Missing character: There is no , in font nullfont!
Missing character: There is no C in font nullfont!
Missing character: There is no a in font nullfont!
Missing character: There is no i in font nullfont!
Missing character: There is no J in font nullfont!
Missing character: There is no , in font nullfont!
Missing character: There is no e in font nullfont!
Missing character: There is no t in font nullfont!
Missing character: There is no a in font nullfont!
Missing character: There is no l in font nullfont!
Missing character: There is no . in font nullfont!
Missing character: There is no M in font nullfont!
Missing character: There is no e in font nullfont!
Missing character: There is no a in font nullfont!
Missing character: There is no s in font nullfont!
Missing character: There is no u in font nullfont!
Missing character: There is no r in font nullfont!
Missing character: There is no e in font nullfont!
Missing character: There is no m in font nullfont!
Missing character: There is no e in font nullfont!
Missing character: There is no n in font nullfont!
Missing character: There is no t in font nullfont!
Missing character: There is no s in font nullfont!
Missing character: There is no o in font nullfont!
Missing character: There is no f in font nullfont!
Missing character: There is no f in font nullfont!
Missing character: There is no e in font nullfont!
Missing character: There is no r in font nullfont!
Missing character: There is no r in font nullfont!
Missing character: There is no o in font nullfont!
Missing character: There is no e in font nullfont!
Missing character: There is no l in font nullfont!
Missing character: There is no e in font nullfont!
Missing character: There is no c in font nullfont!
Missing character: There is no t in font nullfont!
Missing character: There is no r in font nullfont!
Missing character: There is no i in font nullfont!
Missing character: There is no c in font nullfont!
Missing character: There is no M in font nullfont!
Missing character: There is no E in font nullfont!
Missing character: There is no M in font nullfont!
Missing character: There is no S in font nullfont!
Missing character: There is no m in font nullfont!
Missing character: There is no i in font nullfont!
Missing character: There is no c in font nullfont!
Missing character: There is no r in font nullfont!
Missing character: There is no o in font nullfont!
Missing character: There is no p in font nullfont!
Missing character: There is no h in font nullfont!
Missing character: There is no o in font nullfont!
Missing character: There is no n in font nullfont!
Missing character: There is no e in font nullfont!
Missing character: There is no s in font nullfont!
Missing character: There is no . in font nullfont!
Missing character: There is no I in font nullfont!
Missing character: There is no n in font nullfont!
Missing character: There is no t in font nullfont!
Missing character: There is no e in font nullfont!
Missing character: There is no g in font nullfont!
Missing character: There is no r in font nullfont!
Missing character: There is no a in font nullfont!
Missing character: There is no t in font nullfont!
Missing character: There is no e in font nullfont!
Missing character: There is no d in font nullfont!
Missing character: There is no F in font nullfont!
Missing character: There is no e in font nullfont!
Missing character: There is no r in font nullfont!
Missing character: There is no r in font nullfont!
Missing character: There is no o in font nullfont!
Missing character: There is no e in font nullfont!
Missing character: There is no l in font nullfont!
Missing character: There is no e in font nullfont!
Missing character: There is no c in font nullfont!
Missing character: There is no t in font nullfont!
Missing character: There is no r in font nullfont!
Missing character: There is no i in font nullfont!
Missing character: There is no c in font nullfont!
Missing character: There is no s in font nullfont!
Missing character: There is no , in font nullfont!
Missing character: There is no 2 in font nullfont!
Missing character: There is no 0 in font nullfont!
Missing character: There is no 0 in font nullfont!
Missing character: There is no 5 in font nullfont!
Missing character: There is no , in font nullfont!
Missing character: There is no 6 in font nullfont!
Missing character: There is no 9 in font nullfont!
Missing character: There is no : in font nullfont!
Missing character: There is no 4 in font nullfont!
Missing character: There is no 1 in font nullfont!
Missing character: There is no 7 in font nullfont!
Missing character: There is no - in font nullfont!
Missing character: There is no 4 in font nullfont!
Missing character: There is no 2 in font nullfont!
Missing character: There is no 9 in font nullfont!
Missing character: There is no . in font nullfont!
Missing character: There is no ( in font nullfont!
Missing character: There is no S in font nullfont!
Missing character: There is no C in font nullfont!
Missing character: There is no I in font nullfont!
Missing character: There is no Êî∂ in font nullfont!
Missing character: There is no ÂΩï in font nullfont!
Missing character: There is no , in font nullfont!
Missing character: There is no Ê£Ä in font nullfont!
Missing character: There is no Á¥¢ in font nullfont!
Missing character: There is no Âè∑ in font nullfont!
Missing character: There is no : in font nullfont!
Missing character: There is no 8 in font nullfont!
Missing character: There is no 9 in font nullfont!
Missing character: There is no 6 in font nullfont!
Missing character: There is no K in font nullfont!
Missing character: There is no M in font nullfont!
Missing character: There is no ) in font nullfont!

./resume.tex:37: LaTeX Error: Lonely \item--perhaps a missing list environment.

See the LaTeX manual or LaTeX Companion for explanation.
Type  H <return>  for immediate help.
 ...                                              
                                                  
l.37     \item Ë¥æ
                  Ê≥Ω, Êù®ËΩ∂, ÈôàÂÖ¢, Á≠â. Áî®‰∫éÂéãÁîµÂíåÁîµÂÆπÂæÆÈ∫¶ÂÖãÈ£...
Try typing  <return>  to proceed.
If that doesn't work, type  X <return>  to quit.

Missing character: There is no Ë¥æ in font nullfont!
Missing character: There is no Ê≥Ω in font nullfont!
Missing character: There is no , in font nullfont!
Missing character: There is no Êù® in font nullfont!
Missing character: There is no ËΩ∂ in font nullfont!
Missing character: There is no , in font nullfont!
Missing character: There is no Èôà in font nullfont!
Missing character: There is no ÂÖ¢ in font nullfont!
Missing character: There is no , in font nullfont!
Missing character: There is no Á≠â in font nullfont!
Missing character: There is no . in font nullfont!
Missing character: There is no Áî® in font nullfont!
Missing character: There is no ‰∫é in font nullfont!
Missing character: There is no Âéã in font nullfont!
Missing character: There is no Áîµ in font nullfont!
Missing character: There is no Âíå in font nullfont!
Missing character: There is no Áîµ in font nullfont!
Missing character: There is no ÂÆπ in font nullfont!
Missing character: There is no ÂæÆ in font nullfont!
Missing character: There is no È∫¶ in font nullfont!
Missing character: There is no ÂÖã in font nullfont!
Missing character: There is no È£é in font nullfont!
Missing character: There is no ÁöÑ in font nullfont!
Missing character: There is no ‰Ωì in font nullfont!
Missing character: There is no Á°Ö in font nullfont!
Missing character: There is no ËÖê in font nullfont!
Missing character: There is no ËöÄ in font nullfont!
Missing character: There is no Áõ∏ in font nullfont!
Missing character: There is no ÂÖ≥ in font nullfont!
Missing character: There is no Á†î in font nullfont!
Missing character: There is no Á©∂ in font nullfont!
Missing character: There is no . in font nullfont!
Missing character: There is no Âéã in font nullfont!
Missing character: There is no Áîµ in font nullfont!
Missing character: There is no ‰∏é in font nullfont!
Missing character: There is no Â£∞ in font nullfont!
Missing character: There is no ÂÖâ in font nullfont!
Missing character: There is no , in font nullfont!
Missing character: There is no 2 in font nullfont!
Missing character: There is no 0 in font nullfont!
Missing character: There is no 0 in font nullfont!
Missing character: There is no 6 in font nullfont!
Missing character: There is no , in font nullfont!
Missing character: There is no 2 in font nullfont!
Missing character: There is no 8 in font nullfont!
Missing character: There is no ( in font nullfont!
Missing character: There is no 1 in font nullfont!
Missing character: There is no ) in font nullfont!
Missing character: There is no : in font nullfont!
Missing character: There is no 1 in font nullfont!
Missing character: There is no 1 in font nullfont!
Missing character: There is no 7 in font nullfont!
Missing character: There is no - in font nullfont!
Missing character: There is no 1 in font nullfont!
Missing character: There is no 1 in font nullfont!
Missing character: There is no 9 in font nullfont!
Missing character: There is no . in font nullfont!
Missing character: There is no ( in font nullfont!
Missing character: There is no E in font nullfont!
Missing character: There is no I in font nullfont!
Missing character: There is no Êî∂ in font nullfont!
Missing character: There is no ÂΩï in font nullfont!
Missing character: There is no , in font nullfont!
Missing character: There is no Ê£Ä in font nullfont!
Missing character: There is no Á¥¢ in font nullfont!
Missing character: There is no Âè∑ in font nullfont!
Missing character: There is no : in font nullfont!
Missing character: There is no 0 in font nullfont!
Missing character: There is no 6 in font nullfont!
Missing character: There is no 1 in font nullfont!
Missing character: There is no 2 in font nullfont!
Missing character: There is no 9 in font nullfont!
Missing character: There is no 7 in font nullfont!
Missing character: There is no 7 in font nullfont!
Missing character: There is no 3 in font nullfont!
Missing character: There is no 4 in font nullfont!
Missing character: There is no 6 in font nullfont!
Missing character: There is no 9 in font nullfont!
Missing character: There is no ) in font nullfont!

./resume.tex:39: LaTeX Error: Lonely \item--perhaps a missing list environment.

See the LaTeX manual or LaTeX Companion for explanation.
Type  H <return>  for immediate help.
 ...                                              
                                                  
l.39     \item ‰ºç
                  ÊôìÊòé, Êù®ËΩ∂, Âº†ÂÆÅÊ¨£, Á≠â. Âü∫‰∫éMEMSÊäÄÊúØÁöÑÈõÜÊàêÈ...
Try typing  <return>  to proceed.
If that doesn't work, type  X <return>  to quit.

Missing character: There is no ‰ºç in font nullfont!
Missing character: There is no Êôì in font nullfont!
Missing character: There is no Êòé in font nullfont!
Missing character: There is no , in font nullfont!
Missing character: There is no Êù® in font nullfont!
Missing character: There is no ËΩ∂ in font nullfont!
Missing character: There is no , in font nullfont!
Missing character: There is no Âº† in font nullfont!
Missing character: There is no ÂÆÅ in font nullfont!
Missing character: There is no Ê¨£ in font nullfont!
Missing character: There is no , in font nullfont!
Missing character: There is no Á≠â in font nullfont!
Missing character: There is no . in font nullfont!
Missing character: There is no Âü∫ in font nullfont!
Missing character: There is no ‰∫é in font nullfont!
Missing character: There is no M in font nullfont!
Missing character: There is no E in font nullfont!
Missing character: There is no M in font nullfont!
Missing character: There is no S in font nullfont!
Missing character: There is no ÊäÄ in font nullfont!
Missing character: There is no ÊúØ in font nullfont!
Missing character: There is no ÁöÑ in font nullfont!
Missing character: There is no ÈõÜ in font nullfont!
Missing character: There is no Êàê in font nullfont!
Missing character: There is no ÈìÅ in font nullfont!
Missing character: There is no Áîµ in font nullfont!
Missing character: There is no Á°Ö in font nullfont!
Missing character: There is no ÂæÆ in font nullfont!
Missing character: There is no È∫¶ in font nullfont!
Missing character: There is no ÂÖã in font nullfont!
Missing character: There is no È£é in font nullfont!
Missing character: There is no . in font nullfont!
Missing character: There is no ‰∏≠ in font nullfont!
Missing character: There is no ÂõΩ in font nullfont!
Missing character: There is no ÈõÜ in font nullfont!
Missing character: There is no Êàê in font nullfont!
Missing character: There is no Áîµ in font nullfont!
Missing character: There is no Ë∑Ø in font nullfont!
Missing character: There is no , in font nullfont!
Missing character: There is no 2 in font nullfont!
Missing character: There is no 0 in font nullfont!
Missing character: There is no 0 in font nullfont!
Missing character: There is no 3 in font nullfont!
Missing character: There is no , in font nullfont!
Missing character: There is no 5 in font nullfont!
Missing character: There is no 3 in font nullfont!
Missing character: There is no : in font nullfont!
Missing character: There is no 5 in font nullfont!
Missing character: There is no 9 in font nullfont!
Missing character: There is no - in font nullfont!
Missing character: There is no 6 in font nullfont!
Missing character: There is no 1 in font nullfont!
Missing character: There is no . in font nullfont!

./resume.tex:41: LaTeX Error: \begin{document} ended by \end{publications}.

See the LaTeX manual or LaTeX Companion for explanation.
Type  H <return>  for immediate help.
 ...                                              
                                                  
l.41   \end{publications}
                         
Your command was ignored.
Type  I <command> <return>  to replace it with another command,
or  <return>  to continue without it.

./resume.tex:43: Undefined control sequence.
l.43   \researchitem
                    {Á†îÁ©∂ÊàêÊûú} % ÊúâÂ∞±ÂÜôÔºåÊ≤°ÊúâÂ∞±Âà†Èô§
The control sequence at the end of the top line
of your error message was never \def'ed. If you have
misspelled it (e.g., `\hobx'), type `I' and the correct
spelling (e.g., `I\hbox'). Otherwise just continue,
and I'll forget about whatever was undefined.


./resume.tex:43: LaTeX Error: Missing \begin{document}.

See the LaTeX manual or LaTeX Companion for explanation.
Type  H <return>  for immediate help.
 ...                                              
                                                  
l.43   \researchitem{Á†î
                        Á©∂ÊàêÊûú} % ÊúâÂ∞±ÂÜôÔºåÊ≤°ÊúâÂ∞±Âà†Èô§
You're in trouble here.  Try typing  <return>  to proceed.
If that doesn't work, type  X <return>  to quit.

Missing character: There is no Á†î in font nullfont!
Missing character: There is no Á©∂ in font nullfont!
Missing character: There is no Êàê in font nullfont!
Missing character: There is no Êûú in font nullfont!

./resume.tex:44: LaTeX Error: Environment achievements undefined.

See the LaTeX manual or LaTeX Companion for explanation.
Type  H <return>  for immediate help.
 ...                                              
                                                  
l.44   \begin{achievements}
                           
Your command was ignored.
Type  I <command> <return>  to replace it with another command,
or  <return>  to continue without it.


Overfull \hbox (20.0pt too wide) in paragraph at lines 43--45
[] 
 []


./resume.tex:45: LaTeX Error: Lonely \item--perhaps a missing list environment.

See the LaTeX manual or LaTeX Companion for explanation.
Type  H <return>  for immediate help.
 ...                                              
                                                  
l.45     \item ‰ªª
                  Â§©‰ª§, Êù®ËΩ∂, Êú±‰∏ÄÂπ≥, Á≠â. Á°ÖÂü∫ÈìÅÁîµÂæÆÂ£∞Â≠¶‰º†ÊÑ...
Try typing  <return>  to proceed.
If that doesn't work, type  X <return>  to quit.

Missing character: There is no ‰ªª in font nullfont!
Missing character: There is no Â§© in font nullfont!
Missing character: There is no ‰ª§ in font nullfont!
Missing character: There is no , in font nullfont!
Missing character: There is no Êù® in font nullfont!
Missing character: There is no ËΩ∂ in font nullfont!
Missing character: There is no , in font nullfont!
Missing character: There is no Êú± in font nullfont!
Missing character: There is no ‰∏Ä in font nullfont!
Missing character: There is no Âπ≥ in font nullfont!
Missing character: There is no , in font nullfont!
Missing character: There is no Á≠â in font nullfont!
Missing character: There is no . in font nullfont!
Missing character: There is no Á°Ö in font nullfont!
Missing character: There is no Âü∫ in font nullfont!
Missing character: There is no ÈìÅ in font nullfont!
Missing character: There is no Áîµ in font nullfont!
Missing character: There is no ÂæÆ in font nullfont!
Missing character: There is no Â£∞ in font nullfont!
Missing character: There is no Â≠¶ in font nullfont!
Missing character: There is no ‰º† in font nullfont!
Missing character: There is no ÊÑü in font nullfont!
Missing character: There is no Âô® in font nullfont!
Missing character: There is no Áï¥ in font nullfont!
Missing character: There is no ÊûÅ in font nullfont!
Missing character: There is no Âåñ in font nullfont!
Missing character: There is no Âå∫ in font nullfont!
Missing character: There is no Âüü in font nullfont!
Missing character: There is no Êéß in font nullfont!
Missing character: There is no Âà∂ in font nullfont!
Missing character: There is no Âíå in font nullfont!
Missing character: There is no Áîµ in font nullfont!
Missing character: There is no ÊûÅ in font nullfont!
Missing character: There is no Ëøû in font nullfont!
Missing character: There is no Êé• in font nullfont!
Missing character: There is no ÁöÑ in font nullfont!
Missing character: There is no Êñπ in font nullfont!
Missing character: There is no Ê≥ï in font nullfont!
Missing character: There is no : in font nullfont!
Missing character: There is no ‰∏≠ in font nullfont!
Missing character: There is no ÂõΩ in font nullfont!
Missing character: There is no , in font nullfont!
Missing character: There is no C in font nullfont!
Missing character: There is no N in font nullfont!
Missing character: There is no 1 in font nullfont!
Missing character: There is no 6 in font nullfont!
Missing character: There is no 0 in font nullfont!
Missing character: There is no 2 in font nullfont!
Missing character: There is no 1 in font nullfont!
Missing character: There is no 1 in font nullfont!
Missing character: There is no 8 in font nullfont!
Missing character: There is no A in font nullfont!
Missing character: There is no . in font nullfont!
Missing character: There is no ( in font nullfont!
Missing character: There is no ‰∏≠ in font nullfont!
Missing character: There is no ÂõΩ in font nullfont!
Missing character: There is no ‰∏ì in font nullfont!
Missing character: There is no Âà© in font nullfont!
Missing character: There is no ÂÖ¨ in font nullfont!
Missing character: There is no ÂºÄ in font nullfont!
Missing character: There is no Âè∑ in font nullfont!
Missing character: There is no ) in font nullfont!

./resume.tex:47: LaTeX Error: Lonely \item--perhaps a missing list environment.

See the LaTeX manual or LaTeX Companion for explanation.
Type  H <return>  for immediate help.
 ...                                              
                                                  
l.47     \item R
                en T L, Yang Y, Zhu Y P, et al. Piezoelectric micro acoustic...
Try typing  <return>  to proceed.
If that doesn't work, type  X <return>  to quit.

Missing character: There is no R in font nullfont!
Missing character: There is no e in font nullfont!
Missing character: There is no n in font nullfont!
Missing character: There is no T in font nullfont!
Missing character: There is no L in font nullfont!
Missing character: There is no , in font nullfont!
Missing character: There is no Y in font nullfont!
Missing character: There is no a in font nullfont!
Missing character: There is no n in font nullfont!
Missing character: There is no g in font nullfont!
Missing character: There is no Y in font nullfont!
Missing character: There is no , in font nullfont!
Missing character: There is no Z in font nullfont!
Missing character: There is no h in font nullfont!
Missing character: There is no u in font nullfont!
Missing character: There is no Y in font nullfont!
Missing character: There is no P in font nullfont!
Missing character: There is no , in font nullfont!
Missing character: There is no e in font nullfont!
Missing character: There is no t in font nullfont!
Missing character: There is no a in font nullfont!
Missing character: There is no l in font nullfont!
Missing character: There is no . in font nullfont!
Missing character: There is no P in font nullfont!
Missing character: There is no i in font nullfont!
Missing character: There is no e in font nullfont!
Missing character: There is no z in font nullfont!
Missing character: There is no o in font nullfont!
Missing character: There is no e in font nullfont!
Missing character: There is no l in font nullfont!
Missing character: There is no e in font nullfont!
Missing character: There is no c in font nullfont!
Missing character: There is no t in font nullfont!
Missing character: There is no r in font nullfont!
Missing character: There is no i in font nullfont!
Missing character: There is no c in font nullfont!
Missing character: There is no m in font nullfont!
Missing character: There is no i in font nullfont!
Missing character: There is no c in font nullfont!
Missing character: There is no r in font nullfont!
Missing character: There is no o in font nullfont!
Missing character: There is no a in font nullfont!
Missing character: There is no c in font nullfont!
Missing character: There is no o in font nullfont!
Missing character: There is no u in font nullfont!
Missing character: There is no s in font nullfont!
Missing character: There is no t in font nullfont!
Missing character: There is no i in font nullfont!
Missing character: There is no c in font nullfont!
Missing character: There is no s in font nullfont!
Missing character: There is no e in font nullfont!
Missing character: There is no n in font nullfont!
Missing character: There is no s in font nullfont!
Missing character: There is no o in font nullfont!
Missing character: There is no r in font nullfont!
Missing character: There is no b in font nullfont!
Missing character: There is no a in font nullfont!
Missing character: There is no s in font nullfont!
Missing character: There is no e in font nullfont!
Missing character: There is no d in font nullfont!
Missing character: There is no o in font nullfont!
Missing character: There is no n in font nullfont!
Missing character: There is no f in font nullfont!
Missing character: There is no e in font nullfont!
Missing character: There is no r in font nullfont!
Missing character: There is no r in font nullfont!
Missing character: There is no o in font nullfont!
Missing character: There is no e in font nullfont!
Missing character: There is no l in font nullfont!
Missing character: There is no e in font nullfont!
Missing character: There is no c in font nullfont!
Missing character: There is no t in font nullfont!
Missing character: There is no r in font nullfont!
Missing character: There is no i in font nullfont!
Missing character: There is no c in font nullfont!
Missing character: There is no m in font nullfont!
Missing character: There is no a in font nullfont!
Missing character: There is no t in font nullfont!
Missing character: There is no e in font nullfont!
Missing character: There is no r in font nullfont!
Missing character: There is no i in font nullfont!
Missing character: There is no a in font nullfont!
Missing character: There is no l in font nullfont!
Missing character: There is no s in font nullfont!
Missing character: There is no : in font nullfont!
Missing character: There is no U in font nullfont!
Missing character: There is no S in font nullfont!
Missing character: There is no A in font nullfont!
Missing character: There is no , in font nullfont!
Missing character: There is no N in font nullfont!
Missing character: There is no o in font nullfont!
Missing character: There is no . in font nullfont!
Missing character: There is no 1 in font nullfont!
Missing character: There is no 1 in font nullfont!
Missing character: There is no / in font nullfont!
Missing character: There is no 2 in font nullfont!
Missing character: There is no 1 in font nullfont!
Missing character: There is no 5 in font nullfont!
Missing character: There is no , in font nullfont!
Missing character: There is no 1 in font nullfont!
Missing character: There is no 0 in font nullfont!
Missing character: There is no 2 in font nullfont!
Missing character: There is no . in font nullfont!
Missing character: There is no ( in font nullfont!
Missing character: There is no Áæé in font nullfont!
Missing character: There is no ÂõΩ in font nullfont!
Missing character: There is no Âèë in font nullfont!
Missing character: There is no Êòé in font nullfont!
Missing character: There is no ‰∏ì in font nullfont!
Missing character: There is no Âà© in font nullfont!
Missing character: There is no Áî≥ in font nullfont!
Missing character: There is no ËØ∑ in font nullfont!
Missing character: There is no Âè∑ in font nullfont!
Missing character: There is no ) in font nullfont!

./resume.tex:49: LaTeX Error: \begin{document} ended by \end{achievements}.

See the LaTeX manual or LaTeX Companion for explanation.
Type  H <return>  for immediate help.
 ...                                              
                                                  
l.49   \end{achievements}
                         
Your command was ignored.
Type  I <command> <return>  to replace it with another command,
or  <return>  to continue without it.


./resume.tex:51: LaTeX Error: \begin{document} ended by \end{resume}.

See the LaTeX manual or LaTeX Companion for explanation.
Type  H <return>  for immediate help.
 ...                                              
                                                  
l.51 \end{resume}
                 
Your command was ignored.
Type  I <command> <return>  to replace it with another command,
or  <return>  to continue without it.

)
! Emergency stop.
<*> resume.tex
              
*** (job aborted, no legal \end found)

 
Here is how much of TeX's memory you used:
 11 strings out of 493591
 287 string characters out of 6143545
 55754 words of memory out of 5000000
 3519 multiletter control sequences out of 15000+600000
 3640 words of font info for 14 fonts, out of 8000000 for 9000
 1347 hyphenation exceptions out of 8191
 7i,1n,7p,96b,43s stack positions out of 5000i,500n,10000p,200000b,80000s
No pages of output.
