\BOOKMARK [-1][]{ctitle.-1}{\376\377\127\372\116\216\147\011\152\041\127\213\137\072\123\026\133\146\116\140\166\204\201\352\122\250\232\176\232\166\163\257\134\233\215\357\137\204\211\304\122\022}{}% 1
\BOOKMARK [0][]{thuchapter.1.0}{\376\377\166\356\000\040\137\125}{ctitle.-1}% 2
\BOOKMARK [0][]{thuchapter.2.0}{\376\377\116\073\211\201\173\046\123\367\133\371\161\147\210\150}{ctitle.-1}% 3
\BOOKMARK [1][-]{section.0.1}{\376\377\0001\000\040\170\024\172\166\213\376\230\230\116\313\176\315}{thuchapter.2.0}% 4
\BOOKMARK [2][-]{subsection.0.1.1}{\376\377\0001\000.\0001\000\040\220\011\230\230\200\314\146\157\123\312\141\017\116\111}{section.0.1}% 5
\BOOKMARK [3][-]{subsubsection.0.1.1.1}{\376\377\0001\000.\0001\000.\0001\000\040\220\011\230\230\200\314\146\157}{subsection.0.1.1}% 6
\BOOKMARK [3][-]{subsubsection.0.1.1.2}{\376\377\0001\000.\0001\000.\0002\000\040\201\352\122\250\232\176\232\166\166\204\225\356\230\230}{subsection.0.1.1}% 7
\BOOKMARK [3][-]{subsubsection.0.1.1.3}{\376\377\0001\000.\0001\000.\0003\000\040\137\072\123\026\133\146\116\140\166\204\225\356\230\230}{subsection.0.1.1}% 8
\BOOKMARK [2][-]{subsection.0.1.2}{\376\377\0001\000.\0002\000\040\127\072\146\157\143\317\217\360}{section.0.1}% 9
\BOOKMARK [2][-]{subsection.0.1.3}{\376\377\0001\000.\0003\000\040\170\024\172\166\145\271\150\110}{section.0.1}% 10
\BOOKMARK [1][-]{section.0.2}{\376\377\0002\000\040\164\006\213\272\127\372\170\100}{thuchapter.2.0}% 11
\BOOKMARK [2][-]{subsection.0.2.1}{\376\377\0002\000.\0001\000\040\137\072\123\026\133\146\116\140\145\207\163\056\176\374\217\360}{section.0.2}% 12
\BOOKMARK [3][-]{subsubsection.0.2.1.1}{\376\377\0002\000.\0001\000.\0001\000\040\225\356\230\230\143\317\217\360}{subsection.0.2.1}% 13
\BOOKMARK [3][-]{subsubsection.0.2.1.2}{\376\377\0002\000.\0001\000.\0002\000\040\121\170\127\213\173\227\154\325\176\374\217\360}{subsection.0.2.1}% 14
\BOOKMARK [3][-]{subsubsection.0.2.1.3}{\376\377\0002\000.\0001\000.\0003\000\040\145\340\152\041\127\213\166\204\155\361\136\246\137\072\123\026\133\146\116\140}{subsection.0.2.1}% 15
\BOOKMARK [3][-]{subsubsection.0.2.1.4}{\376\377\0002\000.\0001\000.\0004\000\040\147\011\152\041\127\213\166\204\155\361\136\246\137\072\123\026\133\146\116\140}{subsection.0.2.1}% 16
\BOOKMARK [2][-]{subsection.0.2.2}{\376\377\0002\000.\0002\000\040\220\350\122\006\123\357\211\302\155\113\166\204\232\154\134\024\123\357\131\053\121\263\173\126\217\307\172\013}{section.0.2}% 17
\BOOKMARK [2][-]{subsection.0.2.3}{\376\377\0002\000.\0003\000\040\147\011\152\041\127\213\124\214\145\340\152\041\127\213\176\323\124\010\166\204\232\330\145\110\137\072\123\026\133\146\116\140}{section.0.2}% 18
\BOOKMARK [2][-]{subsection.0.2.4}{\376\377\0002\000.\0004\000\040\131\032\116\373\122\241\122\006\134\102\137\072\123\026\133\146\116\140}{section.0.2}% 19
\BOOKMARK [2][-]{subsection.0.2.5}{\376\377\0002\000.\0005\000\040\137\072\123\026\133\146\116\140\124\214\152\041\127\213\230\204\155\113\143\247\122\066\166\204\133\371\153\324}{section.0.2}% 20
\BOOKMARK [2][-]{subsection.0.2.6}{\376\377\0002\000.\0006\000\040\137\072\123\026\133\146\116\140\127\050\201\352\122\250\232\176\232\166\230\206\127\337\166\204\136\224\165\050}{section.0.2}% 21
\BOOKMARK [1][-]{section.0.3}{\376\377\0003\000\040\213\376\230\230\121\205\133\271\123\312\137\000\134\125\140\305\121\265}{thuchapter.2.0}% 22
\BOOKMARK [2][-]{subsection.0.3.1}{\376\377\0003\000.\0001\000\040\173\054\116\000\226\066\153\265}{section.0.3}% 23
\BOOKMARK [3][-]{subsubsection.0.3.1.1}{\376\377\0003\000.\0001\000.\0001\000\040\176\374\217\360}{subsection.0.3.1}% 24
\BOOKMARK [3][-]{subsubsection.0.3.1.2}{\376\377\0003\000.\0001\000.\0002\000\040\136\372\152\041\145\271\154\325}{subsection.0.3.1}% 25
\BOOKMARK [3][-]{subsubsection.0.3.1.3}{\376\377\0003\000.\0001\000.\0003\000\040\131\126\122\261\121\375\145\160\213\276\213\241}{subsection.0.3.1}% 26
\BOOKMARK [3][-]{subsubsection.0.3.1.4}{\376\377\0003\000.\0001\000.\0004\000\040\133\236\232\214\176\323\147\234}{subsection.0.3.1}% 27
\BOOKMARK [2][-]{subsection.0.3.2}{\376\377\0003\000.\0002\000\040\173\054\116\214\226\066\153\265}{section.0.3}% 28
\BOOKMARK [1][-]{section.0.4}{\376\377\0004\000\040\217\333\136\246\213\241\122\022}{thuchapter.2.0}% 29
\BOOKMARK [0][]{section*.14}{\376\377\123\302\200\003\145\207\163\056}{ctitle.-1}% 30
